0 info it worked if it ends with ok
1 verbose cli [ 'node',
1 verbose cli   '/usr/local/bin/npm',
1 verbose cli   'install',
1 verbose cli   'provide-webpack-plugin' ]
2 info using npm@2.11.3
3 info using node@v0.12.7
4 verbose install initial load of /Users/zhu/Documents/learning/webpack/package.json
5 warn package.json try_webpack@1.0.0 No repository field.
6 warn package.json try_webpack@1.0.0 No README data
7 verbose installManyTop reading scoped package data from /Users/zhu/Documents/learning/webpack/node_modules/css-loader/package.json
8 verbose installManyTop reading scoped package data from /Users/zhu/Documents/learning/webpack/node_modules/style-loader/package.json
9 verbose installManyTop reading scoped package data from /Users/zhu/Documents/learning/webpack/node_modules/webpack/package.json
10 verbose installManyTop reading scoped package data from /Users/zhu/Documents/learning/webpack/node_modules/webpack-dev-server/package.json
11 verbose readDependencies loading dependencies from /Users/zhu/Documents/learning/webpack/package.json
12 silly cache add args [ 'provide-webpack-plugin', null ]
13 verbose cache add spec provide-webpack-plugin
14 silly cache add parsed spec { raw: 'provide-webpack-plugin',
14 silly cache add   scope: null,
14 silly cache add   name: 'provide-webpack-plugin',
14 silly cache add   rawSpec: '',
14 silly cache add   spec: '*',
14 silly cache add   type: 'range' }
15 silly addNamed provide-webpack-plugin@*
16 verbose addNamed "*" is a valid semver range for provide-webpack-plugin
17 silly addNameRange { name: 'provide-webpack-plugin', range: '*', hasData: false }
18 silly mapToRegistry name provide-webpack-plugin
19 silly mapToRegistry using default registry
20 silly mapToRegistry registry https://registry.npm.taobao.org/
21 silly mapToRegistry uri https://registry.npm.taobao.org/provide-webpack-plugin
22 verbose addNameRange registry:https://registry.npm.taobao.org/provide-webpack-plugin not in flight; fetching
23 verbose request uri https://registry.npm.taobao.org/provide-webpack-plugin
24 verbose request no auth needed
25 info attempt registry request try #1 at 13:50:26
26 verbose request id 389a94eca0d92a25
27 http request GET https://registry.npm.taobao.org/provide-webpack-plugin
28 http 404 https://registry.npm.taobao.org/provide-webpack-plugin
29 verbose headers { 'content-type': 'application/json',
29 verbose headers   'cache-control': 'max-age=0',
29 verbose headers   'content-length': '2',
29 verbose headers   'accept-ranges': 'bytes',
29 verbose headers   date: 'Sat, 21 Nov 2015 05:50:30 GMT',
29 verbose headers   via: '1.1 varnish',
29 verbose headers   age: '0',
29 verbose headers   connection: 'close',
29 verbose headers   'x-served-by': 'cache-lhr6320-LHR',
29 verbose headers   'x-cache': 'MISS',
29 verbose headers   'x-cache-hits': '0',
29 verbose headers   'x-timer': 'S1448085030.813781,VS0,VE161' }
30 silly get cb [ 404,
30 silly get   { 'content-type': 'application/json',
30 silly get     'cache-control': 'max-age=0',
30 silly get     'content-length': '2',
30 silly get     'accept-ranges': 'bytes',
30 silly get     date: 'Sat, 21 Nov 2015 05:50:30 GMT',
30 silly get     via: '1.1 varnish',
30 silly get     age: '0',
30 silly get     connection: 'close',
30 silly get     'x-served-by': 'cache-lhr6320-LHR',
30 silly get     'x-cache': 'MISS',
30 silly get     'x-cache-hits': '0',
30 silly get     'x-timer': 'S1448085030.813781,VS0,VE161' } ]
31 verbose stack Error: Registry returned 404 for GET on https://registry.npm.taobao.org/provide-webpack-plugin
31 verbose stack     at CachingRegistryClient.<anonymous> (/usr/local/lib/node_modules/npm/node_modules/npm-registry-client/lib/request.js:239:14)
31 verbose stack     at Request._callback (/usr/local/lib/node_modules/npm/node_modules/npm-registry-client/lib/request.js:170:14)
31 verbose stack     at Request.self.callback (/usr/local/lib/node_modules/npm/node_modules/request/request.js:354:22)
31 verbose stack     at Request.emit (events.js:110:17)
31 verbose stack     at Request.<anonymous> (/usr/local/lib/node_modules/npm/node_modules/request/request.js:1207:14)
31 verbose stack     at Request.emit (events.js:129:20)
31 verbose stack     at IncomingMessage.<anonymous> (/usr/local/lib/node_modules/npm/node_modules/request/request.js:1153:12)
31 verbose stack     at IncomingMessage.emit (events.js:129:20)
31 verbose stack     at _stream_readable.js:908:16
31 verbose stack     at process._tickCallback (node.js:355:11)
32 verbose statusCode 404
33 verbose pkgid provide-webpack-plugin
34 verbose cwd /Users/zhu/Documents/learning/webpack
35 error Darwin 15.0.0
36 error argv "node" "/usr/local/bin/npm" "install" "provide-webpack-plugin"
37 error node v0.12.7
38 error npm  v2.11.3
39 error code E404
40 error 404 Registry returned 404 for GET on https://registry.npm.taobao.org/provide-webpack-plugin
40 error 404
40 error 404 'provide-webpack-plugin' is not in the npm registry.
40 error 404 You should bug the author to publish it (or use the name yourself!)
40 error 404 It was specified as a dependency of 'try_webpack'
40 error 404
40 error 404 Note that you can also install from a
40 error 404 tarball, folder, http url, or git url.
41 verbose exit [ 1, true ]
